# JRE version: Java(TM) SE Runtime Environment (17.0.12+8) (build 17.0.12+8-LTS-286)
# Java VM: Java HotSpot(TM) 64-Bit Server VM (17.0.12+8-LTS-286, mixed mode, sharing, tiered, compressed oops, compressed class ptrs, g1 gc, windows-amd64)
GC Precious Log:
 CPUs: 8 total, 8 available
 Memory: 16026M
 Large Page Support: Disabled
 NUMA Support: Disabled
 Compressed Oops: Enabled (Zero based)
 Heap Region Size: 2M
 Heap Min Capacity: 8M
 Heap Initial Capacity: 252M
 Heap Max Capacity: 4008M
 Pre-touch: Disabled
 Parallel Workers: 8
 Concurrent Workers: 2
 Concurrent Refinement Workers: 8
 Periodic GC: Disabled
Heap:
 garbage-first heap   total 79872K, used 46396K [0x0000000705800000, 0x0000000800000000)
  region size 2048K, 4 young (8192K), 1 survivors (2048K)
 Metaspace       used 96405K, committed 97088K, reserved 1179648K
  class space    used 12615K, committed 12928K, reserved 1048576K
GC Heap History (20 events):
Event: 18.308 GC heap before
{Heap before GC invocations=24 (full 0):
 garbage-first heap   total 75776K, used 59479K [0x0000000705800000, 0x0000000800000000)
  region size 2048K, 11 young (22528K), 1 survivors (2048K)
 Metaspace       used 88450K, committed 89088K, reserved 1179648K
  class space    used 11666K, committed 11968K, reserved 1048576K
}
Event: 18.310 GC heap after
{Heap after GC invocations=25 (full 0):
 garbage-first heap   total 75776K, used 40005K [0x0000000705800000, 0x0000000800000000)
  region size 2048K, 1 young (2048K), 1 survivors (2048K)
 Metaspace       used 88450K, committed 89088K, reserved 1179648K
  class space    used 11666K, committed 11968K, reserved 1048576K
}
Event: 29.007 GC heap before
{Heap before GC invocations=26 (full 0):
 garbage-first heap   total 75776K, used 60485K [0x0000000705800000, 0x0000000800000000)
  region size 2048K, 11 young (22528K), 1 survivors (2048K)
 Metaspace       used 91298K, committed 91904K, reserved 1179648K
  class space    used 12130K, committed 12416K, reserved 1048576K
}
Event: 29.011 GC heap after
{Heap after GC invocations=27 (full 0):
 garbage-first heap   total 75776K, used 41096K [0x0000000705800000, 0x0000000800000000)
  region size 2048K, 2 young (4096K), 2 survivors (4096K)
 Metaspace       used 91298K, committed 91904K, reserved 1179648K
  class space    used 12130K, committed 12416K, reserved 1048576K
}
Event: 35.653 GC heap before
{Heap before GC invocations=27 (full 0):
 garbage-first heap   total 75776K, used 57480K [0x0000000705800000, 0x0000000800000000)
  region size 2048K, 11 young (22528K), 2 survivors (4096K)
 Metaspace       used 94548K, committed 95232K, reserved 1179648K
  class space    used 12557K, committed 12864K, reserved 1048576K
}
Event: 35.656 GC heap after
{Heap after GC invocations=28 (full 0):
 garbage-first heap   total 75776K, used 42043K [0x0000000705800000, 0x0000000800000000)
  region size 2048K, 2 young (4096K), 2 survivors (4096K)
 Metaspace       used 94548K, committed 95232K, reserved 1179648K
  class space    used 12557K, committed 12864K, reserved 1048576K
}
Event: 52.596 GC heap before
{Heap before GC invocations=29 (full 0):
 garbage-first heap   total 79872K, used 58427K [0x0000000705800000, 0x0000000800000000)
  region size 2048K, 11 young (22528K), 2 survivors (4096K)
 Metaspace       used 94989K, committed 95680K, reserved 1179648K
  class space    used 12590K, committed 12928K, reserved 1048576K
}
Event: 52.598 GC heap after
{Heap after GC invocations=30 (full 0):
 garbage-first heap   total 79872K, used 42077K [0x0000000705800000, 0x0000000800000000)
  region size 2048K, 2 young (4096K), 2 survivors (4096K)
 Metaspace       used 94989K, committed 95680K, reserved 1179648K
  class space    used 12590K, committed 12928K, reserved 1048576K
}
Event: 75.142 GC heap before
{Heap before GC invocations=30 (full 0):
 garbage-first heap   total 79872K, used 62557K [0x0000000705800000, 0x0000000800000000)
  region size 2048K, 13 young (26624K), 2 survivors (4096K)
 Metaspace       used 95278K, committed 96000K, reserved 1179648K
  class space    used 12608K, committed 12928K, reserved 1048576K
}
Event: 75.144 GC heap after
{Heap after GC invocations=31 (full 0):
 garbage-first heap   total 79872K, used 42078K [0x0000000705800000, 0x0000000800000000)
  region size 2048K, 2 young (4096K), 2 survivors (4096K)
 Metaspace       used 95278K, committed 96000K, reserved 1179648K
  class space    used 12608K, committed 12928K, reserved 1048576K
}
Event: 97.768 GC heap before
{Heap before GC invocations=32 (full 0):
 garbage-first heap   total 79872K, used 64606K [0x0000000705800000, 0x0000000800000000)
  region size 2048K, 13 young (26624K), 2 survivors (4096K)
 Metaspace       used 95547K, committed 96256K, reserved 1179648K
  class space    used 12612K, committed 12928K, reserved 1048576K
}
Event: 97.771 GC heap after
{Heap after GC invocations=33 (full 0):
 garbage-first heap   total 79872K, used 42263K [0x0000000705800000, 0x0000000800000000)
  region size 2048K, 2 young (4096K), 2 survivors (4096K)
 Metaspace       used 95547K, committed 96256K, reserved 1179648K
  class space    used 12612K, committed 12928K, reserved 1048576K
}
Event: 120.481 GC heap before
{Heap before GC invocations=33 (full 0):
 garbage-first heap   total 79872K, used 62743K [0x0000000705800000, 0x0000000800000000)
  region size 2048K, 13 young (26624K), 2 survivors (4096K)
 Metaspace       used 95717K, committed 96384K, reserved 1179648K
  class space    used 12612K, committed 12928K, reserved 1048576K
}
Event: 120.484 GC heap after
{Heap after GC invocations=34 (full 0):
 garbage-first heap   total 79872K, used 42159K [0x0000000705800000, 0x0000000800000000)
  region size 2048K, 1 young (2048K), 1 survivors (2048K)
 Metaspace       used 95717K, committed 96384K, reserved 1179648K
  class space    used 12612K, committed 12928K, reserved 1048576K
}
Event: 145.068 GC heap before
{Heap before GC invocations=35 (full 0):
 garbage-first heap   total 79872K, used 66735K [0x0000000705800000, 0x0000000800000000)
  region size 2048K, 13 young (26624K), 1 survivors (2048K)
 Metaspace       used 95932K, committed 96576K, reserved 1179648K
  class space    used 12612K, committed 12928K, reserved 1048576K
}
Event: 145.070 GC heap after
{Heap after GC invocations=36 (full 0):
 garbage-first heap   total 79872K, used 42171K [0x0000000705800000, 0x0000000800000000)
  region size 2048K, 1 young (2048K), 1 survivors (2048K)
 Metaspace       used 95932K, committed 96576K, reserved 1179648K
  class space    used 12612K, committed 12928K, reserved 1048576K
}
Event: 171.833 GC heap before
{Heap before GC invocations=36 (full 0):
 garbage-first heap   total 79872K, used 68795K [0x0000000705800000, 0x0000000800000000)
  region size 2048K, 14 young (28672K), 1 survivors (2048K)
 Metaspace       used 96210K, committed 96896K, reserved 1179648K
  class space    used 12613K, committed 12928K, reserved 1048576K
}
Event: 171.838 GC heap after
{Heap after GC invocations=37 (full 0):
 garbage-first heap   total 79872K, used 42068K [0x0000000705800000, 0x0000000800000000)
  region size 2048K, 1 young (2048K), 1 survivors (2048K)
 Metaspace       used 96210K, committed 96896K, reserved 1179648K
  class space    used 12613K, committed 12928K, reserved 1048576K
}
Event: 197.161 GC heap before
{Heap before GC invocations=38 (full 0):
 garbage-first heap   total 79872K, used 66644K [0x0000000705800000, 0x0000000800000000)
  region size 2048K, 14 young (28672K), 1 survivors (2048K)
 Metaspace       used 96351K, committed 97024K, reserved 1179648K
  class space    used 12614K, committed 12928K, reserved 1048576K
}
Event: 197.163 GC heap after
{Heap after GC invocations=39 (full 0):
 garbage-first heap   total 79872K, used 42300K [0x0000000705800000, 0x0000000800000000)
  region size 2048K, 1 young (2048K), 1 survivors (2048K)
 Metaspace       used 96351K, committed 97024K, reserved 1179648K
  class space    used 12614K, committed 12928K, reserved 1048576K
}

