# JRE version: Java(TM) SE Runtime Environment (17.0.12+8) (build 17.0.12+8-LTS-286)
# Java VM: Java HotSpot(TM) 64-Bit Server VM (17.0.12+8-LTS-286, mixed mode, sharing, tiered, compressed oops, compressed class ptrs, g1 gc, windows-amd64)
GC Precious Log:
 CPUs: 8 total, 8 available
 Memory: 16026M
 Large Page Support: Disabled
 NUMA Support: Disabled
 Compressed Oops: Enabled (Zero based)
 Heap Region Size: 2M
 Heap Min Capacity: 8M
 Heap Initial Capacity: 252M
 Heap Max Capacity: 4008M
 Pre-touch: Disabled
 Parallel Workers: 8
 Concurrent Workers: 2
 Concurrent Refinement Workers: 8
 Periodic GC: Disabled
Heap:
 garbage-first heap   total 61440K, used 31501K [0x0000000705800000, 0x0000000800000000)
  region size 2048K, 2 young (4096K), 2 survivors (4096K)
 Metaspace       used 64890K, committed 65472K, reserved 1114112K
  class space    used 9016K, committed 9280K, reserved 1048576K
GC Heap History (20 events):
Event: 2.395 GC heap after
{Heap after GC invocations=6 (full 0):
 garbage-first heap   total 61440K, used 18411K [0x0000000705800000, 0x0000000800000000)
  region size 2048K, 1 young (2048K), 1 survivors (2048K)
 Metaspace       used 27497K, committed 27840K, reserved 1114112K
  class space    used 3564K, committed 3712K, reserved 1048576K
}
Event: 2.824 GC heap before
{Heap before GC invocations=6 (full 0):
 garbage-first heap   total 61440K, used 38891K [0x0000000705800000, 0x0000000800000000)
  region size 2048K, 12 young (24576K), 1 survivors (2048K)
 Metaspace       used 32213K, committed 32640K, reserved 1114112K
  class space    used 4210K, committed 4416K, reserved 1048576K
}
Event: 2.827 GC heap after
{Heap after GC invocations=7 (full 0):
 garbage-first heap   total 61440K, used 20652K [0x0000000705800000, 0x0000000800000000)
  region size 2048K, 2 young (4096K), 2 survivors (4096K)
 Metaspace       used 32213K, committed 32640K, reserved 1114112K
  class space    used 4210K, committed 4416K, reserved 1048576K
}
Event: 3.140 GC heap before
{Heap before GC invocations=7 (full 0):
 garbage-first heap   total 61440K, used 39084K [0x0000000705800000, 0x0000000800000000)
  region size 2048K, 12 young (24576K), 2 survivors (4096K)
 Metaspace       used 35437K, committed 35840K, reserved 1114112K
  class space    used 4631K, committed 4800K, reserved 1048576K
}
Event: 3.143 GC heap after
{Heap after GC invocations=8 (full 0):
 garbage-first heap   total 61440K, used 22367K [0x0000000705800000, 0x0000000800000000)
  region size 2048K, 1 young (2048K), 1 survivors (2048K)
 Metaspace       used 35437K, committed 35840K, reserved 1114112K
  class space    used 4631K, committed 4800K, reserved 1048576K
}
Event: 3.148 GC heap before
{Heap before GC invocations=8 (full 0):
 garbage-first heap   total 61440K, used 22367K [0x0000000705800000, 0x0000000800000000)
  region size 2048K, 2 young (4096K), 1 survivors (2048K)
 Metaspace       used 35555K, committed 35968K, reserved 1114112K
  class space    used 4641K, committed 4864K, reserved 1048576K
}
Event: 3.150 GC heap after
{Heap after GC invocations=9 (full 0):
 garbage-first heap   total 61440K, used 22022K [0x0000000705800000, 0x0000000800000000)
  region size 2048K, 1 young (2048K), 1 survivors (2048K)
 Metaspace       used 35555K, committed 35968K, reserved 1114112K
  class space    used 4641K, committed 4864K, reserved 1048576K
}
Event: 3.551 GC heap before
{Heap before GC invocations=10 (full 0):
 garbage-first heap   total 61440K, used 42502K [0x0000000705800000, 0x0000000800000000)
  region size 2048K, 12 young (24576K), 1 survivors (2048K)
 Metaspace       used 41043K, committed 41536K, reserved 1114112K
  class space    used 5540K, committed 5760K, reserved 1048576K
}
Event: 3.553 GC heap after
{Heap after GC invocations=11 (full 0):
 garbage-first heap   total 61440K, used 23234K [0x0000000705800000, 0x0000000800000000)
  region size 2048K, 2 young (4096K), 2 survivors (4096K)
 Metaspace       used 41043K, committed 41536K, reserved 1114112K
  class space    used 5540K, committed 5760K, reserved 1048576K
}
Event: 4.070 GC heap before
{Heap before GC invocations=11 (full 0):
 garbage-first heap   total 61440K, used 43714K [0x0000000705800000, 0x0000000800000000)
  region size 2048K, 12 young (24576K), 2 survivors (4096K)
 Metaspace       used 46480K, committed 46976K, reserved 1114112K
  class space    used 6262K, committed 6528K, reserved 1048576K
}
Event: 4.073 GC heap after
{Heap after GC invocations=12 (full 0):
 garbage-first heap   total 61440K, used 24516K [0x0000000705800000, 0x0000000800000000)
  region size 2048K, 2 young (4096K), 2 survivors (4096K)
 Metaspace       used 46480K, committed 46976K, reserved 1114112K
  class space    used 6262K, committed 6528K, reserved 1048576K
}
Event: 4.456 GC heap before
{Heap before GC invocations=12 (full 0):
 garbage-first heap   total 61440K, used 47044K [0x0000000705800000, 0x0000000800000000)
  region size 2048K, 13 young (26624K), 2 survivors (4096K)
 Metaspace       used 52726K, committed 53184K, reserved 1114112K
  class space    used 7154K, committed 7360K, reserved 1048576K
}
Event: 4.459 GC heap after
{Heap after GC invocations=13 (full 0):
 garbage-first heap   total 61440K, used 25791K [0x0000000705800000, 0x0000000800000000)
  region size 2048K, 2 young (4096K), 2 survivors (4096K)
 Metaspace       used 52726K, committed 53184K, reserved 1114112K
  class space    used 7154K, committed 7360K, reserved 1048576K
}
Event: 4.810 GC heap before
{Heap before GC invocations=13 (full 0):
 garbage-first heap   total 61440K, used 46271K [0x0000000705800000, 0x0000000800000000)
  region size 2048K, 12 young (24576K), 2 survivors (4096K)
 Metaspace       used 57328K, committed 57856K, reserved 1114112K
  class space    used 7929K, committed 8192K, reserved 1048576K
}
Event: 4.814 GC heap after
{Heap after GC invocations=14 (full 0):
 garbage-first heap   total 61440K, used 26668K [0x0000000705800000, 0x0000000800000000)
  region size 2048K, 2 young (4096K), 2 survivors (4096K)
 Metaspace       used 57328K, committed 57856K, reserved 1114112K
  class space    used 7929K, committed 8192K, reserved 1048576K
}
Event: 5.104 GC heap before
{Heap before GC invocations=14 (full 0):
 garbage-first heap   total 61440K, used 41004K [0x0000000705800000, 0x0000000800000000)
  region size 2048K, 11 young (22528K), 2 survivors (4096K)
 Metaspace       used 59764K, committed 60288K, reserved 1114112K
  class space    used 8197K, committed 8448K, reserved 1048576K
}
Event: 5.108 GC heap after
{Heap after GC invocations=15 (full 0):
 garbage-first heap   total 61440K, used 28518K [0x0000000705800000, 0x0000000800000000)
  region size 2048K, 2 young (4096K), 2 survivors (4096K)
 Metaspace       used 59764K, committed 60288K, reserved 1114112K
  class space    used 8197K, committed 8448K, reserved 1048576K
}
Event: 5.470 GC heap before
{Heap before GC invocations=16 (full 0):
 garbage-first heap   total 61440K, used 46950K [0x0000000705800000, 0x0000000800000000)
  region size 2048K, 11 young (22528K), 2 survivors (4096K)
 Metaspace       used 62560K, committed 63104K, reserved 1114112K
  class space    used 8691K, committed 8960K, reserved 1048576K
}
Event: 5.474 GC heap after
{Heap after GC invocations=17 (full 0):
 garbage-first heap   total 61440K, used 30246K [0x0000000705800000, 0x0000000800000000)
  region size 2048K, 2 young (4096K), 2 survivors (4096K)
 Metaspace       used 62560K, committed 63104K, reserved 1114112K
  class space    used 8691K, committed 8960K, reserved 1048576K
}
Event: 5.794 GC heap before
{Heap before GC invocations=18 (full 0):
 garbage-first heap   total 61440K, used 48678K [0x0000000705800000, 0x0000000800000000)
  region size 2048K, 11 young (22528K), 2 survivors (4096K)
 Metaspace       used 64890K, committed 65472K, reserved 1114112K
  class space    used 9016K, committed 9280K, reserved 1048576K
}

