# JRE version: Java(TM) SE Runtime Environment (17.0.12+8) (build 17.0.12+8-LTS-286)
# Java VM: Java HotSpot(TM) 64-Bit Server VM (17.0.12+8-LTS-286, mixed mode, sharing, tiered, compressed oops, compressed class ptrs, g1 gc, windows-amd64)
GC Precious Log:
 CPUs: 8 total, 8 available
 Memory: 16026M
 Large Page Support: Disabled
 NUMA Support: Disabled
 Compressed Oops: Enabled (Zero based)
 Heap Region Size: 2M
 Heap Min Capacity: 8M
 Heap Initial Capacity: 252M
 Heap Max Capacity: 4008M
 Pre-touch: Disabled
 Parallel Workers: 8
 Concurrent Workers: 2
 Concurrent Refinement Workers: 8
 Periodic GC: Disabled
Heap:
 garbage-first heap   total 102400K, used 51198K [0x0000000705800000, 0x0000000800000000)
  region size 2048K, 7 young (14336K), 2 survivors (4096K)
 Metaspace       used 96759K, committed 97472K, reserved 1179648K
  class space    used 12514K, committed 12864K, reserved 1048576K
GC Heap History (20 events):
Event: 116.870 GC heap before
{Heap before GC invocations=24 (full 0):
 garbage-first heap   total 102400K, used 79598K [0x0000000705800000, 0x0000000800000000)
  region size 2048K, 21 young (43008K), 2 survivors (4096K)
 Metaspace       used 95093K, committed 95872K, reserved 1179648K
  class space    used 12512K, committed 12864K, reserved 1048576K
}
Event: 116.873 GC heap after
{Heap after GC invocations=25 (full 0):
 garbage-first heap   total 102400K, used 42889K [0x0000000705800000, 0x0000000800000000)
  region size 2048K, 2 young (4096K), 2 survivors (4096K)
 Metaspace       used 95093K, committed 95872K, reserved 1179648K
  class space    used 12512K, committed 12864K, reserved 1048576K
}
Event: 156.158 GC heap before
{Heap before GC invocations=25 (full 0):
 garbage-first heap   total 102400K, used 81801K [0x0000000705800000, 0x0000000800000000)
  region size 2048K, 21 young (43008K), 2 survivors (4096K)
 Metaspace       used 95425K, committed 96192K, reserved 1179648K
  class space    used 12513K, committed 12864K, reserved 1048576K
}
Event: 156.160 GC heap after
{Heap after GC invocations=26 (full 0):
 garbage-first heap   total 102400K, used 42860K [0x0000000705800000, 0x0000000800000000)
  region size 2048K, 2 young (4096K), 2 survivors (4096K)
 Metaspace       used 95425K, committed 96192K, reserved 1179648K
  class space    used 12513K, committed 12864K, reserved 1048576K
}
Event: 196.285 GC heap before
{Heap before GC invocations=26 (full 0):
 garbage-first heap   total 102400K, used 81772K [0x0000000705800000, 0x0000000800000000)
  region size 2048K, 22 young (45056K), 2 survivors (4096K)
 Metaspace       used 95773K, committed 96512K, reserved 1179648K
  class space    used 12514K, committed 12864K, reserved 1048576K
}
Event: 196.291 GC heap after
{Heap after GC invocations=27 (full 0):
 garbage-first heap   total 102400K, used 42906K [0x0000000705800000, 0x0000000800000000)
  region size 2048K, 2 young (4096K), 2 survivors (4096K)
 Metaspace       used 95773K, committed 96512K, reserved 1179648K
  class space    used 12514K, committed 12864K, reserved 1048576K
}
Event: 235.964 GC heap before
{Heap before GC invocations=27 (full 0):
 garbage-first heap   total 102400K, used 83866K [0x0000000705800000, 0x0000000800000000)
  region size 2048K, 22 young (45056K), 2 survivors (4096K)
 Metaspace       used 95862K, committed 96576K, reserved 1179648K
  class space    used 12514K, committed 12864K, reserved 1048576K
}
Event: 235.968 GC heap after
{Heap after GC invocations=28 (full 0):
 garbage-first heap   total 102400K, used 43047K [0x0000000705800000, 0x0000000800000000)
  region size 2048K, 2 young (4096K), 2 survivors (4096K)
 Metaspace       used 95862K, committed 96576K, reserved 1179648K
  class space    used 12514K, committed 12864K, reserved 1048576K
}
Event: 274.196 GC heap before
{Heap before GC invocations=28 (full 0):
 garbage-first heap   total 102400K, used 84007K [0x0000000705800000, 0x0000000800000000)
  region size 2048K, 22 young (45056K), 2 survivors (4096K)
 Metaspace       used 96178K, committed 96896K, reserved 1179648K
  class space    used 12514K, committed 12864K, reserved 1048576K
}
Event: 274.204 GC heap after
{Heap after GC invocations=29 (full 0):
 garbage-first heap   total 102400K, used 42993K [0x0000000705800000, 0x0000000800000000)
  region size 2048K, 2 young (4096K), 2 survivors (4096K)
 Metaspace       used 96178K, committed 96896K, reserved 1179648K
  class space    used 12514K, committed 12864K, reserved 1048576K
}
Event: 310.783 GC heap before
{Heap before GC invocations=29 (full 0):
 garbage-first heap   total 102400K, used 83953K [0x0000000705800000, 0x0000000800000000)
  region size 2048K, 22 young (45056K), 2 survivors (4096K)
 Metaspace       used 96392K, committed 97152K, reserved 1179648K
  class space    used 12514K, committed 12864K, reserved 1048576K
}
Event: 310.791 GC heap after
{Heap after GC invocations=30 (full 0):
 garbage-first heap   total 102400K, used 43031K [0x0000000705800000, 0x0000000800000000)
  region size 2048K, 2 young (4096K), 2 survivors (4096K)
 Metaspace       used 96392K, committed 97152K, reserved 1179648K
  class space    used 12514K, committed 12864K, reserved 1048576K
}
Event: 326.390 GC heap before
{Heap before GC invocations=30 (full 0):
 garbage-first heap   total 102400K, used 83991K [0x0000000705800000, 0x0000000800000000)
  region size 2048K, 22 young (45056K), 2 survivors (4096K)
 Metaspace       used 96427K, committed 97152K, reserved 1179648K
  class space    used 12514K, committed 12864K, reserved 1048576K
}
Event: 326.392 GC heap after
{Heap after GC invocations=31 (full 0):
 garbage-first heap   total 102400K, used 43028K [0x0000000705800000, 0x0000000800000000)
  region size 2048K, 2 young (4096K), 2 survivors (4096K)
 Metaspace       used 96427K, committed 97152K, reserved 1179648K
  class space    used 12514K, committed 12864K, reserved 1048576K
}
Event: 341.747 GC heap before
{Heap before GC invocations=31 (full 0):
 garbage-first heap   total 102400K, used 83988K [0x0000000705800000, 0x0000000800000000)
  region size 2048K, 22 young (45056K), 2 survivors (4096K)
 Metaspace       used 96473K, committed 97216K, reserved 1179648K
  class space    used 12514K, committed 12864K, reserved 1048576K
}
Event: 341.750 GC heap after
{Heap after GC invocations=32 (full 0):
 garbage-first heap   total 102400K, used 42976K [0x0000000705800000, 0x0000000800000000)
  region size 2048K, 2 young (4096K), 2 survivors (4096K)
 Metaspace       used 96473K, committed 97216K, reserved 1179648K
  class space    used 12514K, committed 12864K, reserved 1048576K
}
Event: 356.859 GC heap before
{Heap before GC invocations=32 (full 0):
 garbage-first heap   total 102400K, used 83936K [0x0000000705800000, 0x0000000800000000)
  region size 2048K, 22 young (45056K), 2 survivors (4096K)
 Metaspace       used 96501K, committed 97216K, reserved 1179648K
  class space    used 12514K, committed 12864K, reserved 1048576K
}
Event: 356.862 GC heap after
{Heap after GC invocations=33 (full 0):
 garbage-first heap   total 102400K, used 42993K [0x0000000705800000, 0x0000000800000000)
  region size 2048K, 2 young (4096K), 2 survivors (4096K)
 Metaspace       used 96501K, committed 97216K, reserved 1179648K
  class space    used 12514K, committed 12864K, reserved 1048576K
}
Event: 371.908 GC heap before
{Heap before GC invocations=33 (full 0):
 garbage-first heap   total 102400K, used 83953K [0x0000000705800000, 0x0000000800000000)
  region size 2048K, 22 young (45056K), 2 survivors (4096K)
 Metaspace       used 96622K, committed 97344K, reserved 1179648K
  class space    used 12514K, committed 12864K, reserved 1048576K
}
Event: 371.912 GC heap after
{Heap after GC invocations=34 (full 0):
 garbage-first heap   total 102400K, used 43006K [0x0000000705800000, 0x0000000800000000)
  region size 2048K, 2 young (4096K), 2 survivors (4096K)
 Metaspace       used 96622K, committed 97344K, reserved 1179648K
  class space    used 12514K, committed 12864K, reserved 1048576K
}

